<?xml version="1.0" encoding="UTF-8"?>
<!-- Generated by org.testng.reporters.JUnitReportReporter -->
<testsuite hostname="DESKTOP-2IB6IFP" failures="0" tests="1" name="Test_Pom.Youtube_sr" time="11.359" errors="0" timestamp="2022-11-25T15:08:14 IST" skipped="0">
  <testcase classname="Test_Pom.Youtube_sr" name="test" time="11.359"/>
  <system-out/>
</testsuite> <!-- Test_Pom.Youtube_sr -->
