<?xml version="1.0" encoding="UTF-8"?>
<!-- Generated by org.testng.reporters.JUnitReportReporter -->
<testsuite hostname="DESKTOP-2IB6IFP" failures="0" tests="1" name="Test_NG.Youtube_t" time="20.371" errors="0" timestamp="2022-11-23T16:48:46 IST" skipped="0">
  <testcase classname="Test_NG.Youtube_t" name="search" time="20.371"/>
  <system-out/>
</testsuite> <!-- Test_NG.Youtube_t -->
