<?xml version="1.0" encoding="UTF-8"?>
<!-- Generated by org.testng.reporters.JUnitReportReporter -->
<testsuite hostname="DESKTOP-2IB6IFP" failures="0" tests="1" name="Test_Pom.Login" time="10.772" errors="0" timestamp="2022-11-25T14:46:06 IST" skipped="0">
  <testcase classname="Test_Pom.Login" name="test" time="10.772"/>
  <system-out/>
</testsuite> <!-- Test_Pom.Login -->
